This is pdfTeX, Version 3.1415926-1.40.10 (MiKTeX 2.8) (preloaded format=latex 2010.5.4)  4 MAY 2010 14:32
entering extended mode
**trisect.tex
(D:\tkz-2d\trisect.tex
LaTeX2e <2009/09/24>
Babel <v3.8l> and hyphenation patterns for english, dumylang, nohyphenation, ge
rman, ngerman, german-x-2009-06-19, ngerman-x-2009-06-19, french, loaded.
("d:\program files\CTEX\MiKTeX\tex\latex\base\article.cls"
Document Class: article 2007/10/19 v1.4h Standard LaTeX document class
("d:\program files\CTEX\MiKTeX\tex\latex\base\size10.clo"
File: size10.clo 2007/10/19 v1.4h Standard LaTeX file (size option)
)
\c@part=\count79
\c@section=\count80
\c@subsection=\count81
\c@subsubsection=\count82
\c@paragraph=\count83
\c@subparagraph=\count84
\c@figure=\count85
\c@table=\count86
\abovecaptionskip=\skip41
\belowcaptionskip=\skip42
\bibindent=\dimen102
)
("d:\program files\CTEX\MiKTeX\tex\latex\pgf\frontendlayer\tikz.sty"
("d:\program files\CTEX\MiKTeX\tex\latex\pgf\basiclayer\pgf.sty"
("d:\program files\CTEX\MiKTeX\tex\latex\pgf\utilities\pgfrcs.sty"
("d:\program files\CTEX\MiKTeX\tex\generic\pgf\utilities\pgfutil-common.tex"
\pgfutil@everybye=\toks14
)
("d:\program files\CTEX\MiKTeX\tex\generic\pgf\utilities\pgfutil-latex.def")
("d:\program files\CTEX\MiKTeX\tex\generic\pgf\utilities\pgfrcs.code.tex"
Package: pgfrcs 2008/02/20 v2.00 (rcs-revision 1.21)
))
Package: pgf 2008/01/15 v2.00 (rcs-revision 1.12)

("d:\program files\CTEX\MiKTeX\tex\latex\pgf\basiclayer\pgfcore.sty"
("d:\program files\CTEX\MiKTeX\tex\latex\graphics\graphicx.sty"
Package: graphicx 1999/02/16 v1.0f Enhanced LaTeX Graphics (DPC,SPQR)

("d:\program files\CTEX\MiKTeX\tex\latex\graphics\keyval.sty"
Package: keyval 1999/03/16 v1.13 key=value parser (DPC)
\KV@toks@=\toks15
)
("d:\program files\CTEX\MiKTeX\tex\latex\graphics\graphics.sty"
Package: graphics 2009/02/05 v1.0o Standard LaTeX Graphics (DPC,SPQR)

("d:\program files\CTEX\MiKTeX\tex\latex\graphics\trig.sty"
Package: trig 1999/03/16 v1.09 sin cos tan (DPC)
)
("d:\program files\CTEX\MiKTeX\tex\latex\00miktex\graphics.cfg"
File: graphics.cfg 2007/01/18 v1.5 graphics configuration of teTeX/TeXLive
)
Package graphics Info: Driver file: dvips.def on input line 91.

("d:\program files\CTEX\MiKTeX\tex\latex\graphics\dvips.def"
File: dvips.def 1999/02/16 v3.0i Driver-dependant file (DPC,SPQR)
))
\Gin@req@height=\dimen103
\Gin@req@width=\dimen104
)
("d:\program files\CTEX\MiKTeX\tex\latex\pgf\systemlayer\pgfsys.sty"
("d:\program files\CTEX\MiKTeX\tex\generic\pgf\systemlayer\pgfsys.code.tex"
Package: pgfsys 2008/02/07 v2.00 (rcs-revision 1.31)

("d:\program files\CTEX\MiKTeX\tex\generic\pgf\utilities\pgfkeys.code.tex"
\pgfkeys@pathtoks=\toks16
\pgfkeys@temptoks=\toks17
)
\pgf@x=\dimen105
\pgf@y=\dimen106
\pgf@xa=\dimen107
\pgf@ya=\dimen108
\pgf@xb=\dimen109
\pgf@yb=\dimen110
\pgf@xc=\dimen111
\pgf@yc=\dimen112
\c@pgf@counta=\count87
\c@pgf@countb=\count88
\c@pgf@countc=\count89
\c@pgf@countd=\count90

("d:\program files\CTEX\MiKTeX\tex\generic\pgf\systemlayer\pgf.cfg"
File: pgf.cfg 2008/01/13  (rcs-revision 1.6)
)
Package pgfsys Info: Driver file for pgf: pgfsys-dvips.def on input line 885.

("d:\program files\CTEX\MiKTeX\tex\generic\pgf\systemlayer\pgfsys-dvips.def"
File: pgfsys-dvips.def 2007/12/12  (rcs-revision 1.19)

("d:\program files\CTEX\MiKTeX\tex\generic\pgf\systemlayer\pgfsys-common-postsc
ript.def"
File: pgfsys-common-postscript.def 2008/02/07  (rcs-revision 1.18)
\pgf@objectcount=\count91
)))
("d:\program files\CTEX\MiKTeX\tex\generic\pgf\systemlayer\pgfsyssoftpath.code.
tex"
File: pgfsyssoftpath.code.tex 2008/01/23  (rcs-revision 1.6)
\pgfsyssoftpath@smallbuffer@items=\count92
\pgfsyssoftpath@bigbuffer@items=\count93
)
("d:\program files\CTEX\MiKTeX\tex\generic\pgf\systemlayer\pgfsysprotocol.code.
tex"
File: pgfsysprotocol.code.tex 2006/10/16  (rcs-revision 1.4)
)) ("d:\program files\CTEX\MiKTeX\tex\latex\xcolor\xcolor.sty"
Package: xcolor 2007/01/21 v2.11 LaTeX color extensions (UK)

("d:\program files\CTEX\MiKTeX\tex\latex\00miktex\color.cfg"
File: color.cfg 2007/01/18 v1.5 color configuration of teTeX/TeXLive
)
Package xcolor Info: Driver file: dvips.def on input line 225.
Package xcolor Info: Model `cmy' substituted by `cmy0' on input line 1337.
Package xcolor Info: Model `RGB' extended on input line 1353.
Package xcolor Info: Model `HTML' substituted by `rgb' on input line 1355.
Package xcolor Info: Model `Hsb' substituted by `hsb' on input line 1356.
Package xcolor Info: Model `tHsb' substituted by `hsb' on input line 1357.
Package xcolor Info: Model `HSB' substituted by `hsb' on input line 1358.
Package xcolor Info: Model `Gray' substituted by `gray' on input line 1359.
Package xcolor Info: Model `wave' substituted by `hsb' on input line 1360.
)
("d:\program files\CTEX\MiKTeX\tex\generic\pgf\basiclayer\pgfcore.code.tex"
Package: pgfcore 2008/01/15 v2.00 (rcs-revision 1.6)

("d:\program files\CTEX\MiKTeX\tex\generic\pgf\math\pgfmath.code.tex"
("d:\program files\CTEX\MiKTeX\tex\generic\pgf\math\pgfmathcalc.code.tex"
("d:\program files\CTEX\MiKTeX\tex\generic\pgf\math\pgfmathutil.code.tex"
\pgfmath@box=\box26
)
("d:\program files\CTEX\MiKTeX\tex\generic\pgf\math\pgfmathparser.code.tex"
\pgfmath@stack=\toks18
\c@pgfmath@parsecounta=\count94
\c@pgfmath@parsecountb=\count95
\c@pgfmath@parsecountc=\count96
\pgfmath@parsex=\dimen113
)
("d:\program files\CTEX\MiKTeX\tex\generic\pgf\math\pgfmathoperations.code.tex"
("d:\program files\CTEX\MiKTeX\tex\generic\pgf\math\pgfmathtrig.code.tex")
("d:\program files\CTEX\MiKTeX\tex\generic\pgf\math\pgfmathrnd.code.tex"))
("d:\program files\CTEX\MiKTeX\tex\generic\pgf\math\pgfmathbase.code.tex")))
("d:\program files\CTEX\MiKTeX\tex\generic\pgf\basiclayer\pgfcorepoints.code.te
x"
File: pgfcorepoints.code.tex 2008/02/03  (rcs-revision 1.13)
\pgf@picminx=\dimen114
\pgf@picmaxx=\dimen115
\pgf@picminy=\dimen116
\pgf@picmaxy=\dimen117
\pgf@pathminx=\dimen118
\pgf@pathmaxx=\dimen119
\pgf@pathminy=\dimen120
\pgf@pathmaxy=\dimen121
\pgf@xx=\dimen122
\pgf@xy=\dimen123
\pgf@yx=\dimen124
\pgf@yy=\dimen125
\pgf@zx=\dimen126
\pgf@zy=\dimen127
)
("d:\program files\CTEX\MiKTeX\tex\generic\pgf\basiclayer\pgfcorepathconstruct.
code.tex"
File: pgfcorepathconstruct.code.tex 2008/02/13  (rcs-revision 1.14)
\pgf@path@lastx=\dimen128
\pgf@path@lasty=\dimen129
)
("d:\program files\CTEX\MiKTeX\tex\generic\pgf\basiclayer\pgfcorepathusage.code
.tex"
File: pgfcorepathusage.code.tex 2008/01/23  (rcs-revision 1.11)
\pgf@shorten@end@additional=\dimen130
\pgf@shorten@start@additional=\dimen131
)
("d:\program files\CTEX\MiKTeX\tex\generic\pgf\basiclayer\pgfcorescopes.code.te
x"
File: pgfcorescopes.code.tex 2008/01/15  (rcs-revision 1.26)
\pgfpic=\box27
\pgf@hbox=\box28
\pgf@layerbox@main=\box29
\pgf@picture@serial@count=\count97
)
("d:\program files\CTEX\MiKTeX\tex\generic\pgf\basiclayer\pgfcoregraphicstate.c
ode.tex"
File: pgfcoregraphicstate.code.tex 2007/12/12  (rcs-revision 1.8)
\pgflinewidth=\dimen132
)
("d:\program files\CTEX\MiKTeX\tex\generic\pgf\basiclayer\pgfcoretransformation
s.code.tex"
File: pgfcoretransformations.code.tex 2008/02/04  (rcs-revision 1.10)
\pgf@pt@x=\dimen133
\pgf@pt@y=\dimen134
\pgf@pt@temp=\dimen135
)
("d:\program files\CTEX\MiKTeX\tex\generic\pgf\basiclayer\pgfcorequick.code.tex
"
File: pgfcorequick.code.tex 2006/10/11  (rcs-revision 1.2)
)
("d:\program files\CTEX\MiKTeX\tex\generic\pgf\basiclayer\pgfcoreobjects.code.t
ex"
File: pgfcoreobjects.code.tex 2006/10/11  (rcs-revision 1.2)
)
("d:\program files\CTEX\MiKTeX\tex\generic\pgf\basiclayer\pgfcorepathprocessing
.code.tex"
File: pgfcorepathprocessing.code.tex 2008/01/23  (rcs-revision 1.7)
)
("d:\program files\CTEX\MiKTeX\tex\generic\pgf\basiclayer\pgfcorearrows.code.te
x"
File: pgfcorearrows.code.tex 2007/06/07  (rcs-revision 1.8)
)
("d:\program files\CTEX\MiKTeX\tex\generic\pgf\basiclayer\pgfcoreshade.code.tex
"
File: pgfcoreshade.code.tex 2007/12/10  (rcs-revision 1.9)
\pgf@max=\dimen136
\pgf@sys@shading@range@num=\count98
)
("d:\program files\CTEX\MiKTeX\tex\generic\pgf\basiclayer\pgfcoreimage.code.tex
"
File: pgfcoreimage.code.tex 2008/01/15  (rcs-revision 1.1)
\pgfexternal@startupbox=\box30
)
("d:\program files\CTEX\MiKTeX\tex\generic\pgf\basiclayer\pgfcorelayers.code.te
x"
File: pgfcorelayers.code.tex 2008/01/15  (rcs-revision 1.1)
)
("d:\program files\CTEX\MiKTeX\tex\generic\pgf\basiclayer\pgfcoretransparency.c
ode.tex"
File: pgfcoretransparency.code.tex 2008/01/17  (rcs-revision 1.2)
)
("d:\program files\CTEX\MiKTeX\tex\generic\pgf\basiclayer\pgfcorepatterns.code.
tex"
File: pgfcorepatterns.code.tex 2008/01/15  (rcs-revision 1.1)
)))
("d:\program files\CTEX\MiKTeX\tex\generic\pgf\modules\pgfmoduleshapes.code.tex
"
File: pgfmoduleshapes.code.tex 2008/02/13  (rcs-revision 1.4)
\pgfnodeparttextbox=\box31
\toks@savedmacro=\toks19
) ("d:\program files\CTEX\MiKTeX\tex\generic\pgf\modules\pgfmoduleplot.code.tex
"
File: pgfmoduleplot.code.tex 2008/01/15  (rcs-revision 1.1)
\pgf@plotwrite=\write3
)
("d:\program files\CTEX\MiKTeX\tex\latex\pgf\compatibility\pgfcomp-version-0-65
.sty"
Package: pgfcomp-version-0-65 2007/07/03 v2.00 (rcs-revision 1.7)
\pgf@nodesepstart=\dimen137
\pgf@nodesepend=\dimen138
)
("d:\program files\CTEX\MiKTeX\tex\latex\pgf\compatibility\pgfcomp-version-1-18
.sty"
Package: pgfcomp-version-1-18 2007/07/23 v2.00 (rcs-revision 1.1)
)) ("d:\program files\CTEX\MiKTeX\tex\latex\pgf\utilities\pgffor.sty"
("d:\program files\CTEX\MiKTeX\tex\generic\pgf\utilities\pgffor.code.tex"
Package: pgffor 2007/11/07 v2.00 (rcs-revision 1.8)
\pgffor@iter=\dimen139
\pgffor@skip=\dimen140
))
("d:\program files\CTEX\MiKTeX\tex\generic\pgf\frontendlayer\tikz\tikz.code.tex
"
Package: tikz 2008/02/13 v2.00 (rcs-revision 1.27)

("d:\program files\CTEX\MiKTeX\tex\generic\pgf\libraries\pgflibraryplothandlers
.code.tex"
File: pgflibraryplothandlers.code.tex 2007/03/09 v2.00 (rcs-revision 1.9)
\pgf@plot@mark@count=\count99
\pgfplotmarksize=\dimen141
)
\tikz@lastx=\dimen142
\tikz@lasty=\dimen143
\tikz@lastxsaved=\dimen144
\tikz@lastysaved=\dimen145
\tikzleveldistance=\dimen146
\tikzsiblingdistance=\dimen147
\tikz@figbox=\box32
\tikz@tempbox=\box33
\tikztreelevel=\count100
\tikznumberofchildren=\count101
\tikznumberofcurrentchild=\count102
\tikz@fig@count=\count103

("d:\program files\CTEX\MiKTeX\tex\generic\pgf\modules\pgfmodulematrix.code.tex
"
File: pgfmodulematrix.code.tex 2008/01/15  (rcs-revision 1.1)
\pgfmatrixcurrentrow=\count104
\pgfmatrixcurrentcolumn=\count105
\pgf@matrix@numberofcolumns=\count106
)
\tikz@expandcount=\count107

("d:\program files\CTEX\MiKTeX\tex\generic\pgf\frontendlayer\tikz\libraries\tik
zlibrarytopaths.code.tex"
File: tikzlibrarytopaths.code.tex 2008/01/09 v2.00 (rcs-revision 1.1)
))) (D:\tkz-2d\tkz-2d.sty
Package: tkz-2d 2007/09/23 v3 for 1.18 users plots 2d 
 (D:\tkz-2d\tkz-base.sty
Package: tkz-base 2008/02/17 v3.14 tkz-base

("d:\program files\CTEX\MiKTeX\tex\latex\misc\etex.sty"
Package: etex 1998/03/26 v2.0 eTeX basic definition package (PEB)
\et@xins=\count108
)
("d:\program files\CTEX\MiKTeX\tex\latex\xkeyval\xkeyval.sty"
Package: xkeyval 2008/08/13 v2.6a package option processing (HA)

("d:\program files\CTEX\MiKTeX\tex\generic\xkeyval\xkeyval.tex"
\XKV@toks=\toks20
\XKV@tempa@toks=\toks21
\XKV@depth=\count109
File: xkeyval.tex 2008/08/13 v2.6a key=value parser (HA)
))
("d:\program files\CTEX\MiKTeX\tex\latex\fp\fp.sty"
Package: fp 1995/04/02

`Fixed Point Package', Version 0.8, April 2, 1995 (C) Michael Mehlich
("d:\program files\CTEX\MiKTeX\tex\latex\fp\defpattern.sty"
Package: defpattern 1994/10/12
\actioncount=\count110
)
("d:\program files\CTEX\MiKTeX\tex\latex\fp\fp-basic.sty"
Package: fp-basic 1996/05/13
\FP@xs=\count111
\FP@xia=\count112
\FP@xib=\count113
\FP@xfa=\count114
\FP@xfb=\count115
\FP@rega=\count116
\FP@regb=\count117
\FP@regs=\count118
\FP@times=\count119
)
("d:\program files\CTEX\MiKTeX\tex\latex\fp\fp-addons.sty"
Package: fp-addons 1995/03/15
)
("d:\program files\CTEX\MiKTeX\tex\latex\fp\fp-snap.sty"
Package: fp-snap 1995/04/05
)
("d:\program files\CTEX\MiKTeX\tex\latex\fp\fp-exp.sty"
Package: fp-exp 1995/04/03
)
("d:\program files\CTEX\MiKTeX\tex\latex\fp\fp-trigo.sty"
Package: fp-trigo 1995/04/14
)
("d:\program files\CTEX\MiKTeX\tex\latex\fp\fp-pas.sty"
Package: fp-pas 1994/08/29
)
("d:\program files\CTEX\MiKTeX\tex\latex\fp\fp-random.sty"
Package: fp-random 1995/02/23
\FPseed=\count120
)
("d:\program files\CTEX\MiKTeX\tex\latex\fp\fp-eqn.sty"
Package: fp-eqn 1995/04/03
)
("d:\program files\CTEX\MiKTeX\tex\latex\fp\fp-upn.sty"
Package: fp-upn 1996/10/21
)
("d:\program files\CTEX\MiKTeX\tex\latex\fp\fp-eval.sty"
Package: fp-eval 1995/04/03
))
("d:\program files\CTEX\MiKTeX\tex\latex\tools\calc.sty"
Package: calc 2007/08/22 v4.3 Infix arithmetic (KKT,FJ)
\calc@Acount=\count121
\calc@Bcount=\count122
\calc@Adimen=\dimen148
\calc@Bdimen=\dimen149
\calc@Askip=\skip43
\calc@Bskip=\skip44
LaTeX Info: Redefining \setlength on input line 76.
LaTeX Info: Redefining \addtolength on input line 77.
\calc@Ccount=\count123
\calc@Cskip=\skip45
)
(D:\tkz-2d\tkz-arith.sty
Package: tkz-arith 2008/04/15 v2.7b integers numbers

("d:\program files\CTEX\MiKTeX\tex\latex\base\ifthen.sty"
Package: ifthen 2001/05/26 v1.1c Standard LaTeX ifthen package (DPC)
)
("d:\program files\CTEX\MiKTeX\tex\latex\pgf\math\pgfmath.sty"
("d:\program files\CTEX\MiKTeX\tex\generic\pgf\math\pgfmath.code.tex"
("d:\program files\CTEX\MiKTeX\tex\generic\pgf\math\pgfmathcalc.code.tex"
("d:\program files\CTEX\MiKTeX\tex\generic\pgf\math\pgfmathutil.code.tex"
\pgfmath@box=\box34
)
("d:\program files\CTEX\MiKTeX\tex\generic\pgf\math\pgfmathparser.code.tex"
\pgfmath@stack=\toks22
\c@pgfmath@parsecounta=\count124
\c@pgfmath@parsecountb=\count125
\c@pgfmath@parsecountc=\count126
\pgfmath@parsex=\dimen150
)
("d:\program files\CTEX\MiKTeX\tex\generic\pgf\math\pgfmathoperations.code.tex"
("d:\program files\CTEX\MiKTeX\tex\generic\pgf\math\pgfmathtrig.code.tex")
("d:\program files\CTEX\MiKTeX\tex\generic\pgf\math\pgfmathrnd.code.tex"))
("d:\program files\CTEX\MiKTeX\tex\generic\pgf\math\pgfmathbase.code.tex"))))
\c@prim@r=\count127
\c@prim@q=\count128
\c@prim@a=\count129
\c@tprim@a=\count130
\c@tprim@b=\count131
\c@prim@n=\count132
\c@prim@d=\count133
\c@prim@b=\count134
\c@tkza@int=\count135
\c@tkza@tmp=\count136
\c@NbOfPrimFactor=\count137
)
("d:\program files\CTEX\MiKTeX\tex\latex\numprint\numprint.sty"
Package: numprint 2008/02/17 v1.38 Print numbers (HH)

("d:\program files\CTEX\MiKTeX\tex\latex\tools\array.sty"
Package: array 2008/09/09 v2.4c Tabular extension package (FMi)
\col@sep=\dimen151
\extrarowheight=\dimen152
\NC@list=\toks23
\extratabsurround=\skip46
\backup@length=\skip47
)
\c@nprt@mantissa@digitsbefore=\count138
\c@nprt@mantissa@digitsafter=\count139
\c@nprt@exponent@digitsbefore=\count140
\c@nprt@exponent@digitsafter=\count141
\nprt@digitwidth=\skip48
\nprt@sepwidth=\skip49
\nprt@decimalwidth=\skip50
\nprt@blockwidth=\skip51
\nprt@digittoks=\toks24
\nprt@pretoks=\toks25
\nprt@posttoks=\toks26
\nprt@thisdigit=\count142
\nprt@curpos=\count143
\nprt@rndpos=\count144
\c@nprt@digitsfirstblock=\count145
\c@nprt@blockcnt=\count146
\c@nprt@cntprint=\count147

No configuration file `numprint.cfg' found.)
\c@cmdTKZ@tkzf@fct=\count148
\c@tkz@tok=\count149
\c@tkz@tempc=\count150
\c@tkz@cnt=\count151
\c@tkz@leg=\count152
\c@tkz@nb@gon=\count153
\tkz@tmplen=\skip52
\tkzmathLen=\skip53
\tkz@ax=\dimen153
\tkz@ay=\dimen154
\tkz@bx=\dimen155
\tkz@by=\dimen156
\tkz@cx=\dimen157
\tkz@cy=\dimen158
\tkz@dx=\dimen159
\tkz@dy=\dimen160
\tkz@Rapt=\dimen161
\tkz@Rbpt=\dimen162
\tkzpt@xa=\dimen163
\tkzpt@ya=\dimen164
\tkz@tempdim=\dimen165
)
\tkz@rayon=\dimen166
\tkzrayon=\dimen167
\tkz@ptAx=\skip54
\tkz@ptAy=\skip55
\tkz@la=\dimen168
\tkz@lb=\dimen169
)
("d:\program files\CTEX\MiKTeX\tex\generic\pgf\frontendlayer\tikz\libraries\tik
zlibrarycalc.code.tex"
File: tikzlibrarycalc.code.tex 2008/02/04 v2.00 (rcs-revision 1.5)
) (D:\tkz-2d\tikzlibraryintersections.code.tex
(D:\tkz-2d\pgflibraryintersections.code.tex
\pgf@intersect@solutions=\count154
)) (D:\tkz-2d\trisect.aux)
LaTeX Font Info:    Checking defaults for OML/cmm/m/it on input line 8.
LaTeX Font Info:    ... okay on input line 8.
LaTeX Font Info:    Checking defaults for T1/cmr/m/n on input line 8.
LaTeX Font Info:    ... okay on input line 8.
LaTeX Font Info:    Checking defaults for OT1/cmr/m/n on input line 8.
LaTeX Font Info:    ... okay on input line 8.
LaTeX Font Info:    Checking defaults for OMS/cmsy/m/n on input line 8.
LaTeX Font Info:    ... okay on input line 8.
LaTeX Font Info:    Checking defaults for OMX/cmex/m/n on input line 8.
LaTeX Font Info:    ... okay on input line 8.
LaTeX Font Info:    Checking defaults for U/cmr/m/n on input line 8.
LaTeX Font Info:    ... okay on input line 8.
LaTeX Font Info:    External font `cmex10' loaded for size
(Font)              <7> on input line 13.
LaTeX Font Info:    External font `cmex10' loaded for size
(Font)              <5> on input line 13.
\la=\skip56
\lb=\skip57
\lc=\skip58
Missing character: There is no ; in font nullfont!
Missing character: There is no ; in font nullfont!
Missing character: There is no ; in font nullfont!
Missing character: There is no ; in font nullfont!
Missing character: There is no ; in font nullfont!
Missing character: There is no ; in font nullfont!
 [1

]
[2]
Overfull \hbox (112.50677pt too wide) in paragraph at lines 145--146
[][][] 
 []

[3] [4]
Overfull \hbox (68.33841pt too wide) in paragraph at lines 211--212
[][][] 
 []

[5] [6] (D:\tkz-2d\trisect.aux) ) 
Here is how much of TeX's memory you used:
 9735 strings out of 495286
 165195 string characters out of 3180365
 270126 words of memory out of 3000000
 12737 multiletter control sequences out of 15000+200000
 3948 words of font info for 15 fonts, out of 3000000 for 9000
 14 hyphenation exceptions out of 8191
 47i,6n,58p,373b,818s stack positions out of 5000i,500n,10000p,200000b,50000s

Output written on trisect.dvi (6 pages, 61148 bytes).
